# JRE version: OpenJDK Runtime Environment (11.0.12+7) (build 11.0.12+7-b1504.28-7817840)
# Java VM: OpenJDK 64-Bit Server VM (11.0.12+7-b1504.28-7817840, mixed mode, tiered, compressed oops, g1 gc, windows-amd64)
Heap:
 garbage-first heap   total 129024K, used 34109K [0x0000000082400000, 0x0000000100000000)
  region size 1024K, 16 young (16384K), 3 survivors (3072K)
 Metaspace       used 37845K, capacity 38317K, committed 38448K, reserved 1083392K
  class space    used 4654K, capacity 4831K, committed 4912K, reserved 1048576K
GC Heap History (8 events):
Event: 0.408 GC heap before
{Heap before GC invocations=0 (full 0):
 garbage-first heap   total 129024K, used 27648K [0x0000000082400000, 0x0000000100000000)
  region size 1024K, 24 young (24576K), 0 survivors (0K)
 Metaspace       used 12420K, capacity 12561K, committed 12800K, reserved 1060864K
  class space    used 1135K, capacity 1182K, committed 1280K, reserved 1048576K
}
Event: 0.411 GC heap after
{Heap after GC invocations=1 (full 0):
 garbage-first heap   total 129024K, used 6276K [0x0000000082400000, 0x0000000100000000)
  region size 1024K, 3 young (3072K), 3 survivors (3072K)
 Metaspace       used 12420K, capacity 12561K, committed 12800K, reserved 1060864K
  class space    used 1135K, capacity 1182K, committed 1280K, reserved 1048576K
}
Event: 0.843 GC heap before
{Heap before GC invocations=1 (full 0):
 garbage-first heap   total 129024K, used 43140K [0x0000000082400000, 0x0000000100000000)
  region size 1024K, 40 young (40960K), 3 survivors (3072K)
 Metaspace       used 20991K, capacity 21199K, committed 21296K, reserved 1069056K
  class space    used 2228K, capacity 2305K, committed 2352K, reserved 1048576K
}
Event: 0.853 GC heap after
{Heap after GC invocations=2 (full 0):
 garbage-first heap   total 129024K, used 10047K [0x0000000082400000, 0x0000000100000000)
  region size 1024K, 7 young (7168K), 7 survivors (7168K)
 Metaspace       used 20991K, capacity 21199K, committed 21296K, reserved 1069056K
  class space    used 2228K, capacity 2305K, committed 2352K, reserved 1048576K
}
Event: 1.466 GC heap before
{Heap before GC invocations=3 (full 0):
 garbage-first heap   total 129024K, used 65343K [0x0000000082400000, 0x0000000100000000)
  region size 1024K, 56 young (57344K), 7 survivors (7168K)
 Metaspace       used 31909K, capacity 32319K, committed 32432K, reserved 1077248K
  class space    used 3994K, capacity 4178K, committed 4272K, reserved 1048576K
}
Event: 1.480 GC heap after
{Heap after GC invocations=4 (full 0):
 garbage-first heap   total 129024K, used 21317K [0x0000000082400000, 0x0000000100000000)
  region size 1024K, 7 young (7168K), 7 survivors (7168K)
 Metaspace       used 31909K, capacity 32319K, committed 32432K, reserved 1077248K
  class space    used 3994K, capacity 4178K, committed 4272K, reserved 1048576K
}
Event: 1.709 GC heap before
{Heap before GC invocations=4 (full 0):
 garbage-first heap   total 129024K, used 38725K [0x0000000082400000, 0x0000000100000000)
  region size 1024K, 25 young (25600K), 7 survivors (7168K)
 Metaspace       used 35378K, capacity 35791K, committed 35888K, reserved 1081344K
  class space    used 4383K, capacity 4568K, committed 4656K, reserved 1048576K
}
Event: 1.719 GC heap after
{Heap after GC invocations=5 (full 0):
 garbage-first heap   total 129024K, used 21821K [0x0000000082400000, 0x0000000100000000)
  region size 1024K, 3 young (3072K), 3 survivors (3072K)
 Metaspace       used 35378K, capacity 35791K, committed 35888K, reserved 1081344K
  class space    used 4383K, capacity 4568K, committed 4656K, reserved 1048576K
}

