# JRE version: OpenJDK Runtime Environment (11.0.12+7) (build 11.0.12+7-b1504.28-7817840)
# Java VM: OpenJDK 64-Bit Server VM (11.0.12+7-b1504.28-7817840, mixed mode, tiered, compressed oops, g1 gc, windows-amd64)
Heap:
 garbage-first heap   total 196608K, used 54272K [0x0000000082400000, 0x0000000100000000)
  region size 1024K, 8 young (8192K), 8 survivors (8192K)
 Metaspace       used 65865K, capacity 66612K, committed 66864K, reserved 1107968K
  class space    used 7411K, capacity 7696K, committed 7728K, reserved 1048576K
GC Heap History (17 events):
Event: 0.621 GC heap before
{Heap before GC invocations=0 (full 0):
 garbage-first heap   total 129024K, used 27648K [0x0000000082400000, 0x0000000100000000)
  region size 1024K, 24 young (24576K), 0 survivors (0K)
 Metaspace       used 12426K, capacity 12561K, committed 12800K, reserved 1060864K
  class space    used 1135K, capacity 1182K, committed 1280K, reserved 1048576K
}
Event: 0.625 GC heap after
{Heap after GC invocations=1 (full 0):
 garbage-first heap   total 129024K, used 6277K [0x0000000082400000, 0x0000000100000000)
  region size 1024K, 3 young (3072K), 3 survivors (3072K)
 Metaspace       used 12426K, capacity 12561K, committed 12800K, reserved 1060864K
  class space    used 1135K, capacity 1182K, committed 1280K, reserved 1048576K
}
Event: 1.091 GC heap before
{Heap before GC invocations=1 (full 0):
 garbage-first heap   total 129024K, used 43141K [0x0000000082400000, 0x0000000100000000)
  region size 1024K, 40 young (40960K), 3 survivors (3072K)
 Metaspace       used 20994K, capacity 21199K, committed 21296K, reserved 1069056K
  class space    used 2228K, capacity 2305K, committed 2352K, reserved 1048576K
}
Event: 1.100 GC heap after
{Heap after GC invocations=2 (full 0):
 garbage-first heap   total 129024K, used 9770K [0x0000000082400000, 0x0000000100000000)
  region size 1024K, 7 young (7168K), 7 survivors (7168K)
 Metaspace       used 20994K, capacity 21199K, committed 21296K, reserved 1069056K
  class space    used 2228K, capacity 2305K, committed 2352K, reserved 1048576K
}
Event: 1.714 GC heap before
{Heap before GC invocations=3 (full 0):
 garbage-first heap   total 129024K, used 65066K [0x0000000082400000, 0x0000000100000000)
  region size 1024K, 56 young (57344K), 7 survivors (7168K)
 Metaspace       used 31904K, capacity 32319K, committed 32432K, reserved 1077248K
  class space    used 3993K, capacity 4178K, committed 4272K, reserved 1048576K
}
Event: 1.730 GC heap after
{Heap after GC invocations=4 (full 0):
 garbage-first heap   total 129024K, used 21316K [0x0000000082400000, 0x0000000100000000)
  region size 1024K, 7 young (7168K), 7 survivors (7168K)
 Metaspace       used 31904K, capacity 32319K, committed 32432K, reserved 1077248K
  class space    used 3993K, capacity 4178K, committed 4272K, reserved 1048576K
}
Event: 1.935 GC heap before
{Heap before GC invocations=4 (full 0):
 garbage-first heap   total 129024K, used 37700K [0x0000000082400000, 0x0000000100000000)
  region size 1024K, 24 young (24576K), 7 survivors (7168K)
 Metaspace       used 35334K, capacity 35791K, committed 35888K, reserved 1081344K
  class space    used 4382K, capacity 4568K, committed 4656K, reserved 1048576K
}
Event: 1.943 GC heap after
{Heap after GC invocations=5 (full 0):
 garbage-first heap   total 129024K, used 21826K [0x0000000082400000, 0x0000000100000000)
  region size 1024K, 3 young (3072K), 3 survivors (3072K)
 Metaspace       used 35334K, capacity 35791K, committed 35888K, reserved 1081344K
  class space    used 4382K, capacity 4568K, committed 4656K, reserved 1048576K
}
Event: 2.564 GC heap before
{Heap before GC invocations=6 (full 0):
 garbage-first heap   total 129024K, used 67906K [0x0000000082400000, 0x0000000100000000)
  region size 1024K, 48 young (49152K), 3 survivors (3072K)
 Metaspace       used 45357K, capacity 45810K, committed 46128K, reserved 1089536K
  class space    used 5393K, capacity 5574K, committed 5680K, reserved 1048576K
}
Event: 2.574 GC heap after
{Heap after GC invocations=7 (full 0):
 garbage-first heap   total 155648K, used 25486K [0x0000000082400000, 0x0000000100000000)
  region size 1024K, 6 young (6144K), 6 survivors (6144K)
 Metaspace       used 45357K, capacity 45810K, committed 46128K, reserved 1089536K
  class space    used 5393K, capacity 5574K, committed 5680K, reserved 1048576K
}
Event: 3.627 GC heap before
{Heap before GC invocations=7 (full 0):
 garbage-first heap   total 155648K, used 88974K [0x0000000082400000, 0x0000000100000000)
  region size 1024K, 65 young (66560K), 6 survivors (6144K)
 Metaspace       used 52788K, capacity 53402K, committed 53680K, reserved 1095680K
  class space    used 6248K, capacity 6501K, committed 6576K, reserved 1048576K
}
Event: 3.642 GC heap after
{Heap after GC invocations=8 (full 0):
 garbage-first heap   total 155648K, used 33736K [0x0000000082400000, 0x0000000100000000)
  region size 1024K, 9 young (9216K), 9 survivors (9216K)
 Metaspace       used 52788K, capacity 53402K, committed 53680K, reserved 1095680K
  class space    used 6248K, capacity 6501K, committed 6576K, reserved 1048576K
}
Event: 4.579 GC heap before
{Heap before GC invocations=8 (full 0):
 garbage-first heap   total 155648K, used 95176K [0x0000000082400000, 0x0000000100000000)
  region size 1024K, 69 young (70656K), 9 survivors (9216K)
 Metaspace       used 56980K, capacity 57653K, committed 57904K, reserved 1099776K
  class space    used 6562K, capacity 6847K, committed 6960K, reserved 1048576K
}
Event: 4.605 GC heap after
{Heap after GC invocations=9 (full 0):
 garbage-first heap   total 155648K, used 43513K [0x0000000082400000, 0x0000000100000000)
  region size 1024K, 9 young (9216K), 9 survivors (9216K)
 Metaspace       used 56980K, capacity 57653K, committed 57904K, reserved 1099776K
  class space    used 6562K, capacity 6847K, committed 6960K, reserved 1048576K
}
Event: 5.113 GC heap before
{Heap before GC invocations=9 (full 0):
 garbage-first heap   total 155648K, used 76281K [0x0000000082400000, 0x0000000100000000)
  region size 1024K, 42 young (43008K), 9 survivors (9216K)
 Metaspace       used 59475K, capacity 60083K, committed 60208K, reserved 1101824K
  class space    used 6841K, capacity 7124K, committed 7216K, reserved 1048576K
}
Event: 5.130 GC heap after
{Heap after GC invocations=10 (full 0):
 garbage-first heap   total 155648K, used 47575K [0x0000000082400000, 0x0000000100000000)
  region size 1024K, 4 young (4096K), 4 survivors (4096K)
 Metaspace       used 59475K, capacity 60083K, committed 60208K, reserved 1101824K
  class space    used 6841K, capacity 7124K, committed 7216K, reserved 1048576K
}
Event: 7.240 GC heap before
{Heap before GC invocations=11 (full 0):
 garbage-first heap   total 155648K, used 102871K [0x0000000082400000, 0x0000000100000000)
  region size 1024K, 57 young (58368K), 4 survivors (4096K)
 Metaspace       used 65865K, capacity 66612K, committed 66864K, reserved 1107968K
  class space    used 7411K, capacity 7696K, committed 7728K, reserved 1048576K
}

