# JRE version: OpenJDK Runtime Environment (11.0.12+7) (build 11.0.12+7-b1504.28-7817840)
# Java VM: OpenJDK 64-Bit Server VM (11.0.12+7-b1504.28-7817840, mixed mode, tiered, compressed oops, g1 gc, windows-amd64)
Heap:
 garbage-first heap   total 161792K, used 69060K [0x0000000082400000, 0x0000000100000000)
  region size 1024K, 24 young (24576K), 4 survivors (4096K)
 Metaspace       used 60451K, capacity 61095K, committed 61232K, reserved 1103872K
  class space    used 6909K, capacity 7200K, committed 7216K, reserved 1048576K
GC Heap History (16 events):
Event: 0.413 GC heap before
{Heap before GC invocations=0 (full 0):
 garbage-first heap   total 129024K, used 27648K [0x0000000082400000, 0x0000000100000000)
  region size 1024K, 24 young (24576K), 0 survivors (0K)
 Metaspace       used 12420K, capacity 12561K, committed 12800K, reserved 1060864K
  class space    used 1135K, capacity 1182K, committed 1280K, reserved 1048576K
}
Event: 0.416 GC heap after
{Heap after GC invocations=1 (full 0):
 garbage-first heap   total 129024K, used 6277K [0x0000000082400000, 0x0000000100000000)
  region size 1024K, 3 young (3072K), 3 survivors (3072K)
 Metaspace       used 12420K, capacity 12561K, committed 12800K, reserved 1060864K
  class space    used 1135K, capacity 1182K, committed 1280K, reserved 1048576K
}
Event: 0.854 GC heap before
{Heap before GC invocations=1 (full 0):
 garbage-first heap   total 129024K, used 43141K [0x0000000082400000, 0x0000000100000000)
  region size 1024K, 40 young (40960K), 3 survivors (3072K)
 Metaspace       used 20974K, capacity 21199K, committed 21296K, reserved 1069056K
  class space    used 2227K, capacity 2305K, committed 2352K, reserved 1048576K
}
Event: 0.863 GC heap after
{Heap after GC invocations=2 (full 0):
 garbage-first heap   total 129024K, used 9770K [0x0000000082400000, 0x0000000100000000)
  region size 1024K, 7 young (7168K), 7 survivors (7168K)
 Metaspace       used 20974K, capacity 21199K, committed 21296K, reserved 1069056K
  class space    used 2227K, capacity 2305K, committed 2352K, reserved 1048576K
}
Event: 1.546 GC heap before
{Heap before GC invocations=3 (full 0):
 garbage-first heap   total 129024K, used 66090K [0x0000000082400000, 0x0000000100000000)
  region size 1024K, 57 young (58368K), 7 survivors (7168K)
 Metaspace       used 32099K, capacity 32543K, committed 32688K, reserved 1077248K
  class space    used 4019K, capacity 4210K, committed 4272K, reserved 1048576K
}
Event: 1.562 GC heap after
{Heap after GC invocations=4 (full 0):
 garbage-first heap   total 129024K, used 21469K [0x0000000082400000, 0x0000000100000000)
  region size 1024K, 8 young (8192K), 8 survivors (8192K)
 Metaspace       used 32099K, capacity 32543K, committed 32688K, reserved 1077248K
  class space    used 4019K, capacity 4210K, committed 4272K, reserved 1048576K
}
Event: 1.757 GC heap before
{Heap before GC invocations=4 (full 0):
 garbage-first heap   total 129024K, used 38877K [0x0000000082400000, 0x0000000100000000)
  region size 1024K, 26 young (26624K), 8 survivors (8192K)
 Metaspace       used 35382K, capacity 35791K, committed 35888K, reserved 1081344K
  class space    used 4382K, capacity 4568K, committed 4656K, reserved 1048576K
}
Event: 1.767 GC heap after
{Heap after GC invocations=5 (full 0):
 garbage-first heap   total 129024K, used 22235K [0x0000000082400000, 0x0000000100000000)
  region size 1024K, 3 young (3072K), 3 survivors (3072K)
 Metaspace       used 35382K, capacity 35791K, committed 35888K, reserved 1081344K
  class space    used 4382K, capacity 4568K, committed 4656K, reserved 1048576K
}
Event: 2.347 GC heap before
{Heap before GC invocations=6 (full 0):
 garbage-first heap   total 129024K, used 69339K [0x0000000082400000, 0x0000000100000000)
  region size 1024K, 49 young (50176K), 3 survivors (3072K)
 Metaspace       used 45837K, capacity 46339K, committed 46384K, reserved 1089536K
  class space    used 5462K, capacity 5646K, committed 5680K, reserved 1048576K
}
Event: 2.354 GC heap after
{Heap after GC invocations=7 (full 0):
 garbage-first heap   total 161792K, used 26022K [0x0000000082400000, 0x0000000100000000)
  region size 1024K, 7 young (7168K), 7 survivors (7168K)
 Metaspace       used 45837K, capacity 46339K, committed 46384K, reserved 1089536K
  class space    used 5462K, capacity 5646K, committed 5680K, reserved 1048576K
}
Event: 3.043 GC heap before
{Heap before GC invocations=7 (full 0):
 garbage-first heap   total 161792K, used 89510K [0x0000000082400000, 0x0000000100000000)
  region size 1024K, 66 young (67584K), 7 survivors (7168K)
 Metaspace       used 53163K, capacity 53799K, committed 54064K, reserved 1097728K
  class space    used 6287K, capacity 6570K, committed 6704K, reserved 1048576K
}
Event: 3.054 GC heap after
{Heap after GC invocations=8 (full 0):
 garbage-first heap   total 161792K, used 33901K [0x0000000082400000, 0x0000000100000000)
  region size 1024K, 9 young (9216K), 9 survivors (9216K)
 Metaspace       used 53163K, capacity 53799K, committed 54064K, reserved 1097728K
  class space    used 6287K, capacity 6570K, committed 6704K, reserved 1048576K
}
Event: 3.908 GC heap before
{Heap before GC invocations=8 (full 0):
 garbage-first heap   total 161792K, used 100461K [0x0000000082400000, 0x0000000100000000)
  region size 1024K, 74 young (75776K), 9 survivors (9216K)
 Metaspace       used 57008K, capacity 57654K, committed 57904K, reserved 1099776K
  class space    used 6562K, capacity 6847K, committed 6960K, reserved 1048576K
}
Event: 3.931 GC heap after
{Heap after GC invocations=9 (full 0):
 garbage-first heap   total 161792K, used 44366K [0x0000000082400000, 0x0000000100000000)
  region size 1024K, 10 young (10240K), 10 survivors (10240K)
 Metaspace       used 57008K, capacity 57654K, committed 57904K, reserved 1099776K
  class space    used 6562K, capacity 6847K, committed 6960K, reserved 1048576K
}
Event: 4.298 GC heap before
{Heap before GC invocations=9 (full 0):
 garbage-first heap   total 161792K, used 69966K [0x0000000082400000, 0x0000000100000000)
  region size 1024K, 36 young (36864K), 10 survivors (10240K)
 Metaspace       used 59463K, capacity 60084K, committed 60208K, reserved 1101824K
  class space    used 6840K, capacity 7124K, committed 7216K, reserved 1048576K
}
Event: 4.311 GC heap after
{Heap after GC invocations=10 (full 0):
 garbage-first heap   total 161792K, used 48580K [0x0000000082400000, 0x0000000100000000)
  region size 1024K, 4 young (4096K), 4 survivors (4096K)
 Metaspace       used 59463K, capacity 60084K, committed 60208K, reserved 1101824K
  class space    used 6840K, capacity 7124K, committed 7216K, reserved 1048576K
}

