# JRE version: OpenJDK Runtime Environment (11.0.12+7) (build 11.0.12+7-b1504.28-7817840)
# Java VM: OpenJDK 64-Bit Server VM (11.0.12+7-b1504.28-7817840, mixed mode, tiered, compressed oops, g1 gc, windows-amd64)
Heap:
 garbage-first heap   total 211968K, used 54784K [0x0000000082400000, 0x0000000100000000)
  region size 1024K, 7 young (7168K), 7 survivors (7168K)
 Metaspace       used 64571K, capacity 65247K, committed 65584K, reserved 1107968K
  class space    used 7312K, capacity 7602K, committed 7728K, reserved 1048576K
GC Heap History (17 events):
Event: 0.405 GC heap before
{Heap before GC invocations=0 (full 0):
 garbage-first heap   total 129024K, used 27648K [0x0000000082400000, 0x0000000100000000)
  region size 1024K, 24 young (24576K), 0 survivors (0K)
 Metaspace       used 12420K, capacity 12561K, committed 12800K, reserved 1060864K
  class space    used 1135K, capacity 1182K, committed 1280K, reserved 1048576K
}
Event: 0.409 GC heap after
{Heap after GC invocations=1 (full 0):
 garbage-first heap   total 129024K, used 6279K [0x0000000082400000, 0x0000000100000000)
  region size 1024K, 3 young (3072K), 3 survivors (3072K)
 Metaspace       used 12420K, capacity 12561K, committed 12800K, reserved 1060864K
  class space    used 1135K, capacity 1182K, committed 1280K, reserved 1048576K
}
Event: 0.836 GC heap before
{Heap before GC invocations=1 (full 0):
 garbage-first heap   total 129024K, used 43143K [0x0000000082400000, 0x0000000100000000)
  region size 1024K, 40 young (40960K), 3 survivors (3072K)
 Metaspace       used 20971K, capacity 21199K, committed 21296K, reserved 1069056K
  class space    used 2228K, capacity 2305K, committed 2352K, reserved 1048576K
}
Event: 0.845 GC heap after
{Heap after GC invocations=2 (full 0):
 garbage-first heap   total 129024K, used 9772K [0x0000000082400000, 0x0000000100000000)
  region size 1024K, 7 young (7168K), 7 survivors (7168K)
 Metaspace       used 20971K, capacity 21199K, committed 21296K, reserved 1069056K
  class space    used 2228K, capacity 2305K, committed 2352K, reserved 1048576K
}
Event: 1.485 GC heap before
{Heap before GC invocations=3 (full 0):
 garbage-first heap   total 129024K, used 66092K [0x0000000082400000, 0x0000000100000000)
  region size 1024K, 57 young (58368K), 7 survivors (7168K)
 Metaspace       used 32091K, capacity 32543K, committed 32688K, reserved 1077248K
  class space    used 4022K, capacity 4210K, committed 4272K, reserved 1048576K
}
Event: 1.501 GC heap after
{Heap after GC invocations=4 (full 0):
 garbage-first heap   total 129024K, used 21414K [0x0000000082400000, 0x0000000100000000)
  region size 1024K, 8 young (8192K), 8 survivors (8192K)
 Metaspace       used 32091K, capacity 32543K, committed 32688K, reserved 1077248K
  class space    used 4022K, capacity 4210K, committed 4272K, reserved 1048576K
}
Event: 1.690 GC heap before
{Heap before GC invocations=4 (full 0):
 garbage-first heap   total 129024K, used 38822K [0x0000000082400000, 0x0000000100000000)
  region size 1024K, 26 young (26624K), 8 survivors (8192K)
 Metaspace       used 35380K, capacity 35791K, committed 35888K, reserved 1081344K
  class space    used 4387K, capacity 4568K, committed 4656K, reserved 1048576K
}
Event: 1.699 GC heap after
{Heap after GC invocations=5 (full 0):
 garbage-first heap   total 129024K, used 22402K [0x0000000082400000, 0x0000000100000000)
  region size 1024K, 3 young (3072K), 3 survivors (3072K)
 Metaspace       used 35380K, capacity 35791K, committed 35888K, reserved 1081344K
  class space    used 4387K, capacity 4568K, committed 4656K, reserved 1048576K
}
Event: 2.283 GC heap before
{Heap before GC invocations=6 (full 0):
 garbage-first heap   total 129024K, used 69506K [0x0000000082400000, 0x0000000100000000)
  region size 1024K, 49 young (50176K), 3 survivors (3072K)
 Metaspace       used 45950K, capacity 46435K, committed 46768K, reserved 1089536K
  class space    used 5473K, capacity 5678K, committed 5808K, reserved 1048576K
}
Event: 2.291 GC heap after
{Heap after GC invocations=7 (full 0):
 garbage-first heap   total 161792K, used 25772K [0x0000000082400000, 0x0000000100000000)
  region size 1024K, 7 young (7168K), 7 survivors (7168K)
 Metaspace       used 45950K, capacity 46435K, committed 46768K, reserved 1089536K
  class space    used 5473K, capacity 5678K, committed 5808K, reserved 1048576K
}
Event: 2.966 GC heap before
{Heap before GC invocations=7 (full 0):
 garbage-first heap   total 161792K, used 91308K [0x0000000082400000, 0x0000000100000000)
  region size 1024K, 68 young (69632K), 7 survivors (7168K)
 Metaspace       used 53588K, capacity 54224K, committed 54576K, reserved 1097728K
  class space    used 6331K, capacity 6603K, committed 6704K, reserved 1048576K
}
Event: 2.982 GC heap after
{Heap after GC invocations=8 (full 0):
 garbage-first heap   total 161792K, used 34331K [0x0000000082400000, 0x0000000100000000)
  region size 1024K, 9 young (9216K), 9 survivors (9216K)
 Metaspace       used 53588K, capacity 54224K, committed 54576K, reserved 1097728K
  class space    used 6331K, capacity 6603K, committed 6704K, reserved 1048576K
}
Event: 3.905 GC heap before
{Heap before GC invocations=8 (full 0):
 garbage-first heap   total 161792K, used 100891K [0x0000000082400000, 0x0000000100000000)
  region size 1024K, 74 young (75776K), 9 survivors (9216K)
 Metaspace       used 57132K, capacity 57790K, committed 57904K, reserved 1099776K
  class space    used 6573K, capacity 6848K, committed 6960K, reserved 1048576K
}
Event: 3.929 GC heap after
{Heap after GC invocations=9 (full 0):
 garbage-first heap   total 161792K, used 44973K [0x0000000082400000, 0x0000000100000000)
  region size 1024K, 10 young (10240K), 10 survivors (10240K)
 Metaspace       used 57132K, capacity 57790K, committed 57904K, reserved 1099776K
  class space    used 6573K, capacity 6848K, committed 6960K, reserved 1048576K
}
Event: 4.261 GC heap before
{Heap before GC invocations=9 (full 0):
 garbage-first heap   total 161792K, used 69549K [0x0000000082400000, 0x0000000100000000)
  region size 1024K, 35 young (35840K), 10 survivors (10240K)
 Metaspace       used 59473K, capacity 60089K, committed 60208K, reserved 1101824K
  class space    used 6836K, capacity 7124K, committed 7216K, reserved 1048576K
}
Event: 4.279 GC heap after
{Heap after GC invocations=10 (full 0):
 garbage-first heap   total 161792K, used 48113K [0x0000000082400000, 0x0000000100000000)
  region size 1024K, 3 young (3072K), 3 survivors (3072K)
 Metaspace       used 59473K, capacity 60089K, committed 60208K, reserved 1101824K
  class space    used 6836K, capacity 7124K, committed 7216K, reserved 1048576K
}
Event: 5.336 GC heap before
{Heap before GC invocations=11 (full 0):
 garbage-first heap   total 161792K, used 100337K [0x0000000082400000, 0x0000000100000000)
  region size 1024K, 53 young (54272K), 3 survivors (3072K)
 Metaspace       used 64571K, capacity 65247K, committed 65584K, reserved 1107968K
  class space    used 7312K, capacity 7602K, committed 7728K, reserved 1048576K
}

