# JRE version: OpenJDK Runtime Environment (11.0.12+7) (build 11.0.12+7-b1504.28-7817840)
# Java VM: OpenJDK 64-Bit Server VM (11.0.12+7-b1504.28-7817840, mixed mode, tiered, compressed oops, g1 gc, windows-amd64)
Heap:
 garbage-first heap   total 162816K, used 26709K [0x0000000082400000, 0x0000000100000000)
  region size 1024K, 9 young (9216K), 7 survivors (7168K)
 Metaspace       used 46374K, capacity 46850K, committed 47024K, reserved 1091584K
  class space    used 5512K, capacity 5710K, committed 5808K, reserved 1048576K
GC Heap History (10 events):
Event: 0.404 GC heap before
{Heap before GC invocations=0 (full 0):
 garbage-first heap   total 129024K, used 27648K [0x0000000082400000, 0x0000000100000000)
  region size 1024K, 24 young (24576K), 0 survivors (0K)
 Metaspace       used 12420K, capacity 12561K, committed 12800K, reserved 1060864K
  class space    used 1135K, capacity 1182K, committed 1280K, reserved 1048576K
}
Event: 0.408 GC heap after
{Heap after GC invocations=1 (full 0):
 garbage-first heap   total 129024K, used 6278K [0x0000000082400000, 0x0000000100000000)
  region size 1024K, 3 young (3072K), 3 survivors (3072K)
 Metaspace       used 12420K, capacity 12561K, committed 12800K, reserved 1060864K
  class space    used 1135K, capacity 1182K, committed 1280K, reserved 1048576K
}
Event: 0.847 GC heap before
{Heap before GC invocations=1 (full 0):
 garbage-first heap   total 129024K, used 42118K [0x0000000082400000, 0x0000000100000000)
  region size 1024K, 39 young (39936K), 3 survivors (3072K)
 Metaspace       used 20985K, capacity 21199K, committed 21296K, reserved 1069056K
  class space    used 2227K, capacity 2305K, committed 2352K, reserved 1048576K
}
Event: 0.858 GC heap after
{Heap after GC invocations=2 (full 0):
 garbage-first heap   total 129024K, used 9769K [0x0000000082400000, 0x0000000100000000)
  region size 1024K, 7 young (7168K), 7 survivors (7168K)
 Metaspace       used 20985K, capacity 21199K, committed 21296K, reserved 1069056K
  class space    used 2227K, capacity 2305K, committed 2352K, reserved 1048576K
}
Event: 1.536 GC heap before
{Heap before GC invocations=3 (full 0):
 garbage-first heap   total 129024K, used 64041K [0x0000000082400000, 0x0000000100000000)
  region size 1024K, 55 young (56320K), 7 survivors (7168K)
 Metaspace       used 31463K, capacity 31935K, committed 32176K, reserved 1077248K
  class space    used 3811K, capacity 3986K, committed 4016K, reserved 1048576K
}
Event: 1.551 GC heap after
{Heap after GC invocations=4 (full 0):
 garbage-first heap   total 129024K, used 21335K [0x0000000082400000, 0x0000000100000000)
  region size 1024K, 7 young (7168K), 7 survivors (7168K)
 Metaspace       used 31463K, capacity 31935K, committed 32176K, reserved 1077248K
  class space    used 3811K, capacity 3986K, committed 4016K, reserved 1048576K
}
Event: 1.765 GC heap before
{Heap before GC invocations=4 (full 0):
 garbage-first heap   total 129024K, used 40791K [0x0000000082400000, 0x0000000100000000)
  region size 1024K, 27 young (27648K), 7 survivors (7168K)
 Metaspace       used 35414K, capacity 35791K, committed 35888K, reserved 1081344K
  class space    used 4384K, capacity 4568K, committed 4656K, reserved 1048576K
}
Event: 1.773 GC heap after
{Heap after GC invocations=5 (full 0):
 garbage-first heap   total 129024K, used 22240K [0x0000000082400000, 0x0000000100000000)
  region size 1024K, 3 young (3072K), 3 survivors (3072K)
 Metaspace       used 35414K, capacity 35791K, committed 35888K, reserved 1081344K
  class space    used 4384K, capacity 4568K, committed 4656K, reserved 1048576K
}
Event: 2.421 GC heap before
{Heap before GC invocations=6 (full 0):
 garbage-first heap   total 129024K, used 70368K [0x0000000082400000, 0x0000000100000000)
  region size 1024K, 50 young (51200K), 3 survivors (3072K)
 Metaspace       used 45889K, capacity 46338K, committed 46384K, reserved 1089536K
  class space    used 5465K, capacity 5646K, committed 5680K, reserved 1048576K
}
Event: 2.428 GC heap after
{Heap after GC invocations=7 (full 0):
 garbage-first heap   total 162816K, used 25685K [0x0000000082400000, 0x0000000100000000)
  region size 1024K, 7 young (7168K), 7 survivors (7168K)
 Metaspace       used 45889K, capacity 46338K, committed 46384K, reserved 1089536K
  class space    used 5465K, capacity 5646K, committed 5680K, reserved 1048576K
}

