# JRE version: OpenJDK Runtime Environment (11.0.12+7) (build 11.0.12+7-b1504.28-7817840)
# Java VM: OpenJDK 64-Bit Server VM (11.0.12+7-b1504.28-7817840, mixed mode, tiered, compressed oops, g1 gc, windows-amd64)
Heap:
 garbage-first heap   total 799744K, used 328246K [0x0000000080000000, 0x0000000100000000)
  region size 1024K, 2 young (2048K), 2 survivors (2048K)
 Metaspace       used 168364K, capacity 174828K, committed 175148K, reserved 1202176K
  class space    used 20997K, capacity 23324K, committed 23424K, reserved 1048576K
GC Heap History (20 events):
Event: 7706.778 GC heap after
{Heap after GC invocations=209 (full 0):
 garbage-first heap   total 233472K, used 221840K [0x0000000080000000, 0x0000000100000000)
  region size 1024K, 2 young (2048K), 2 survivors (2048K)
 Metaspace       used 161899K, capacity 168243K, committed 168364K, reserved 1196032K
  class space    used 20200K, capacity 22523K, committed 22528K, reserved 1048576K
}
Event: 7706.872 GC heap before
{Heap before GC invocations=209 (full 0):
 garbage-first heap   total 233472K, used 231056K [0x0000000080000000, 0x0000000100000000)
  region size 1024K, 11 young (11264K), 2 survivors (2048K)
 Metaspace       used 162409K, capacity 168755K, committed 169004K, reserved 1196032K
  class space    used 20261K, capacity 22587K, committed 22656K, reserved 1048576K
}
Event: 7706.879 GC heap after
{Heap after GC invocations=210 (full 0):
 garbage-first heap   total 285696K, used 223773K [0x0000000080000000, 0x0000000100000000)
  region size 1024K, 2 young (2048K), 2 survivors (2048K)
 Metaspace       used 162409K, capacity 168755K, committed 169004K, reserved 1196032K
  class space    used 20261K, capacity 22587K, committed 22656K, reserved 1048576K
}
Event: 7707.050 GC heap before
{Heap before GC invocations=210 (full 0):
 garbage-first heap   total 285696K, used 236061K [0x0000000080000000, 0x0000000100000000)
  region size 1024K, 14 young (14336K), 2 survivors (2048K)
 Metaspace       used 164257K, capacity 170603K, committed 170796K, reserved 1198080K
  class space    used 20549K, capacity 22881K, committed 22912K, reserved 1048576K
}
Event: 7707.054 GC heap after
{Heap after GC invocations=211 (full 0):
 garbage-first heap   total 285696K, used 224746K [0x0000000080000000, 0x0000000100000000)
  region size 1024K, 1 young (1024K), 1 survivors (1024K)
 Metaspace       used 164257K, capacity 170603K, committed 170796K, reserved 1198080K
  class space    used 20549K, capacity 22881K, committed 22912K, reserved 1048576K
}
Event: 7707.233 GC heap before
{Heap before GC invocations=211 (full 0):
 garbage-first heap   total 285696K, used 238058K [0x0000000080000000, 0x0000000100000000)
  region size 1024K, 14 young (14336K), 1 survivors (1024K)
 Metaspace       used 165890K, capacity 172249K, committed 172332K, reserved 1198080K
  class space    used 20775K, capacity 23086K, committed 23168K, reserved 1048576K
}
Event: 7707.238 GC heap after
{Heap after GC invocations=212 (full 0):
 garbage-first heap   total 285696K, used 226026K [0x0000000080000000, 0x0000000100000000)
  region size 1024K, 2 young (2048K), 2 survivors (2048K)
 Metaspace       used 165890K, capacity 172249K, committed 172332K, reserved 1198080K
  class space    used 20775K, capacity 23086K, committed 23168K, reserved 1048576K
}
Event: 7707.431 GC heap before
{Heap before GC invocations=213 (full 0):
 garbage-first heap   total 285696K, used 240362K [0x0000000080000000, 0x0000000100000000)
  region size 1024K, 16 young (16384K), 2 survivors (2048K)
 Metaspace       used 167173K, capacity 173527K, committed 173740K, reserved 1200128K
  class space    used 20892K, capacity 23190K, committed 23296K, reserved 1048576K
}
Event: 7707.437 GC heap after
{Heap after GC invocations=214 (full 0):
 garbage-first heap   total 285696K, used 228125K [0x0000000080000000, 0x0000000100000000)
  region size 1024K, 2 young (2048K), 2 survivors (2048K)
 Metaspace       used 167173K, capacity 173527K, committed 173740K, reserved 1200128K
  class space    used 20892K, capacity 23190K, committed 23296K, reserved 1048576K
}
Event: 7707.471 GC heap before
{Heap before GC invocations=214 (full 0):
 garbage-first heap   total 285696K, used 239389K [0x0000000080000000, 0x0000000100000000)
  region size 1024K, 13 young (13312K), 2 survivors (2048K)
 Metaspace       used 167173K, capacity 173527K, committed 173740K, reserved 1200128K
  class space    used 20892K, capacity 23190K, committed 23296K, reserved 1048576K
}
Event: 7707.479 GC heap after
{Heap after GC invocations=215 (full 0):
 garbage-first heap   total 285696K, used 236426K [0x0000000080000000, 0x0000000100000000)
  region size 1024K, 2 young (2048K), 2 survivors (2048K)
 Metaspace       used 167173K, capacity 173527K, committed 173740K, reserved 1200128K
  class space    used 20892K, capacity 23190K, committed 23296K, reserved 1048576K
}
Event: 7707.516 GC heap before
{Heap before GC invocations=215 (full 0):
 garbage-first heap   total 285696K, used 247690K [0x0000000080000000, 0x0000000100000000)
  region size 1024K, 13 young (13312K), 2 survivors (2048K)
 Metaspace       used 167173K, capacity 173527K, committed 173740K, reserved 1200128K
  class space    used 20892K, capacity 23190K, committed 23296K, reserved 1048576K
}
Event: 7707.526 GC heap after
{Heap after GC invocations=216 (full 0):
 garbage-first heap   total 396288K, used 248640K [0x0000000080000000, 0x0000000100000000)
  region size 1024K, 2 young (2048K), 2 survivors (2048K)
 Metaspace       used 167173K, capacity 173527K, committed 173740K, reserved 1200128K
  class space    used 20892K, capacity 23190K, committed 23296K, reserved 1048576K
}
Event: 7707.691 GC heap before
{Heap before GC invocations=216 (full 0):
 garbage-first heap   total 396288K, used 286528K [0x0000000080000000, 0x0000000100000000)
  region size 1024K, 39 young (39936K), 2 survivors (2048K)
 Metaspace       used 167276K, capacity 173661K, committed 173996K, reserved 1200128K
  class space    used 20892K, capacity 23190K, committed 23296K, reserved 1048576K
}
Event: 7707.715 GC heap after
{Heap after GC invocations=217 (full 0):
 garbage-first heap   total 396288K, used 279296K [0x0000000080000000, 0x0000000100000000)
  region size 1024K, 5 young (5120K), 5 survivors (5120K)
 Metaspace       used 167276K, capacity 173661K, committed 173996K, reserved 1200128K
  class space    used 20892K, capacity 23190K, committed 23296K, reserved 1048576K
}
Event: 7707.823 GC heap before
{Heap before GC invocations=217 (full 0):
 garbage-first heap   total 396288K, used 305920K [0x0000000080000000, 0x0000000100000000)
  region size 1024K, 31 young (31744K), 5 survivors (5120K)
 Metaspace       used 167276K, capacity 173661K, committed 173996K, reserved 1200128K
  class space    used 20892K, capacity 23190K, committed 23296K, reserved 1048576K
}
Event: 7707.843 GC heap after
{Heap after GC invocations=218 (full 0):
 garbage-first heap   total 396288K, used 306688K [0x0000000080000000, 0x0000000100000000)
  region size 1024K, 4 young (4096K), 4 survivors (4096K)
 Metaspace       used 167276K, capacity 173661K, committed 173996K, reserved 1200128K
  class space    used 20892K, capacity 23190K, committed 23296K, reserved 1048576K
}
Event: 7707.859 GC heap before
{Heap before GC invocations=218 (full 0):
 garbage-first heap   total 396288K, used 323072K [0x0000000080000000, 0x0000000100000000)
  region size 1024K, 20 young (20480K), 4 survivors (4096K)
 Metaspace       used 167276K, capacity 173661K, committed 173996K, reserved 1200128K
  class space    used 20892K, capacity 23190K, committed 23296K, reserved 1048576K
}
Event: 7707.878 GC heap after
{Heap after GC invocations=219 (full 0):
 garbage-first heap   total 396288K, used 325120K [0x0000000080000000, 0x0000000100000000)
  region size 1024K, 3 young (3072K), 3 survivors (3072K)
 Metaspace       used 167276K, capacity 173661K, committed 173996K, reserved 1200128K
  class space    used 20892K, capacity 23190K, committed 23296K, reserved 1048576K
}
Event: 7708.089 GC heap before
{Heap before GC invocations=220 (full 0):
 garbage-first heap   total 396288K, used 341504K [0x0000000080000000, 0x0000000100000000)
  region size 1024K, 19 young (19456K), 3 survivors (3072K)
 Metaspace       used 168364K, capacity 174828K, committed 175148K, reserved 1202176K
  class space    used 20997K, capacity 23324K, committed 23424K, reserved 1048576K
}

